Establishing watches...
Finished establishing watches, now collecting statistics.
total  access  close_nowrite  open  create  filename
151    69      38             38    6       fsroot/aac/
147    60      40             40    7       fsroot/
147    68      37             37    5       fsroot/aac/bag/
143    65      36             36    6       fsroot/aad/
141    63      36             36    6       fsroot/aae/
137    59      36             36    6       fsroot/aag/
135    57      36             36    6       fsroot/aab/
134    64      34             34    2       fsroot/aac/baf/
132    57      35             34    6       fsroot/aaa/
132    54      36             36    6       fsroot/aaf/
122    56      31             30    5       fsroot/aaa/baa/
121    55      30             30    6       fsroot/aaa/bac/
119    56      29             29    5       fsroot/aaa/bad/
117    54      29             29    5       fsroot/aad/baf/
117    54      29             29    5       fsroot/aag/baa/
116    53      29             29    5       fsroot/aaa/bae/
116    53      29             29    5       fsroot/aad/baa/
116    53      29             29    5       fsroot/aaf/bad/
115    52      29             29    5       fsroot/aab/bab/
115    52      29             29    5       fsroot/aab/bac/
115    52      29             29    5       fsroot/aae/baa/
115    52      29             29    5       fsroot/aae/baf/
115    52      29             29    5       fsroot/aae/bag/
113    53      28             28    4       fsroot/aae/bac/
112    52      28             28    4       fsroot/aaa/baf/
112    52      28             28    4       fsroot/aad/bac/
112    52      28             28    4       fsroot/aaf/baa/
111    51      28             28    4       fsroot/aaa/bag/
111    51      28             28    4       fsroot/aab/bad/
111    51      28             28    4       fsroot/aab/bae/
111    51      28             28    4       fsroot/aad/bag/
111    51      28             28    4       fsroot/aae/bad/
111    51      28             28    4       fsroot/aaf/bac/
109    52      27             27    3       fsroot/aaa/bab/
108    51      27             27    3       fsroot/aae/bae/
108    51      27             27    3       fsroot/aaf/bab/
107    50      27             27    3       fsroot/aac/bac/
107    50      27             27    3       fsroot/aaf/bae/
107    50      27             27    3       fsroot/aaf/bag/
104    50      26             26    2       fsroot/aac/baa/
104    50      26             26    2       fsroot/aac/bab/
104    50      26             26    2       fsroot/aac/bad/
104    50      26             26    2       fsroot/aac/bae/
104    50      26             26    2       fsroot/aad/bab/
104    50      26             26    2       fsroot/aad/bae/
103    49      26             26    2       fsroot/aab/baa/
103    49      26             26    2       fsroot/aab/bag/
101    47      26             26    2       fsroot/aaf/baf/
100    49      25             25    1       fsroot/aag/bab/
96     48      24             24    0       fsroot/aab/baf/
96     48      24             24    0       fsroot/aae/bab/
96     48      24             24    0       fsroot/aag/bac/
96     48      24             24    0       fsroot/aag/bad/
96     48      24             24    0       fsroot/aag/bae/
96     48      24             24    0       fsroot/aag/baf/
96     48      24             24    0       fsroot/aag/bag/
93     45      24             24    0       fsroot/aad/bad/
16     8       4              4     0       fsroot/aaa/baa/cac/
16     8       4              4     0       fsroot/aac/baf/caa/
16     8       4              4     0       fsroot/aac/baf/cab/
16     8       4              4     0       fsroot/aac/baf/cac/
16     8       4              4     0       fsroot/aac/baf/cad/
16     8       4              4     0       fsroot/aac/baf/caf/
16     8       4              4     0       fsroot/aac/baf/cag/
16     8       4              4     0       fsroot/aac/bag/caa/
16     8       4              4     0       fsroot/aac/bag/cac/
16     8       4              4     0       fsroot/aac/bag/cad/
16     8       4              4     0       fsroot/aac/bag/cae/
16     8       4              4     0       fsroot/aac/bag/caf/
16     8       4              4     0       fsroot/aac/bag/cag/
12     6       3              3     0       fsroot/aaa/baa/caa/
12     6       3              3     0       fsroot/aaa/baa/cad/
12     6       3              3     0       fsroot/aaa/baa/cae/
12     6       3              3     0       fsroot/aaa/baa/caf/
12     6       3              3     0       fsroot/aaa/baa/cag/
12     6       3              3     0       fsroot/aaa/bab/caa/
12     6       3              3     0       fsroot/aaa/bab/cab/
12     6       3              3     0       fsroot/aaa/bab/cac/
12     6       3              3     0       fsroot/aaa/bab/cae/
12     6       3              3     0       fsroot/aaa/bab/caf/
12     6       3              3     0       fsroot/aaa/bab/cag/
12     6       3              3     0       fsroot/aaa/bac/caa/
12     6       3              3     0       fsroot/aaa/bac/cab/
12     6       3              3     0       fsroot/aaa/bac/cac/
12     6       3              3     0       fsroot/aaa/bac/cad/
12     6       3              3     0       fsroot/aaa/bac/cae/
12     6       3              3     0       fsroot/aaa/bac/caf/
12     6       3              3     0       fsroot/aaa/bac/cag/
12     6       3              3     0       fsroot/aaa/bad/caa/
12     6       3              3     0       fsroot/aaa/bad/cac/
12     6       3              3     0       fsroot/aaa/bad/cad/
12     6       3              3     0       fsroot/aaa/bad/cae/
12     6       3              3     0       fsroot/aaa/bad/caf/
12     6       3              3     0       fsroot/aaa/bad/cag/
12     6       3              3     0       fsroot/aaa/bae/caa/
12     6       3              3     0       fsroot/aaa/bae/cac/
12     6       3              3     0       fsroot/aaa/bae/cad/
12     6       3              3     0       fsroot/aaa/bae/cae/
12     6       3              3     0       fsroot/aaa/bae/caf/
12     6       3              3     0       fsroot/aaa/bae/cag/
12     6       3              3     0       fsroot/aaa/baf/caa/
12     6       3              3     0       fsroot/aaa/baf/cab/
12     6       3              3     0       fsroot/aaa/baf/cac/
12     6       3              3     0       fsroot/aaa/baf/cad/
12     6       3              3     0       fsroot/aaa/baf/cae/
12     6       3              3     0       fsroot/aaa/baf/caf/
12     6       3              3     0       fsroot/aaa/baf/cag/
12     6       3              3     0       fsroot/aaa/bag/caa/
12     6       3              3     0       fsroot/aaa/bag/cab/
12     6       3              3     0       fsroot/aaa/bag/cad/
12     6       3              3     0       fsroot/aaa/bag/cae/
12     6       3              3     0       fsroot/aaa/bag/caf/
12     6       3              3     0       fsroot/aaa/bag/cag/
12     6       3              3     0       fsroot/aab/baa/caa/
12     6       3              3     0       fsroot/aab/baa/cab/
12     6       3              3     0       fsroot/aab/baa/cac/
12     6       3              3     0       fsroot/aab/baa/cad/
12     6       3              3     0       fsroot/aab/baa/caf/
12     6       3              3     0       fsroot/aab/baa/cag/
12     6       3              3     0       fsroot/aab/bab/caa/
12     6       3              3     0       fsroot/aab/bab/cac/
12     6       3              3     0       fsroot/aab/bab/cad/
12     6       3              3     0       fsroot/aab/bab/cae/
12     6       3              3     0       fsroot/aab/bab/caf/
12     6       3              3     0       fsroot/aab/bab/cag/
12     6       3              3     0       fsroot/aab/bac/caa/
12     6       3              3     0       fsroot/aab/bac/cac/
12     6       3              3     0       fsroot/aab/bac/cad/
12     6       3              3     0       fsroot/aab/bac/cae/
12     6       3              3     0       fsroot/aab/bac/caf/
12     6       3              3     0       fsroot/aab/bac/cag/
12     6       3              3     0       fsroot/aab/bad/caa/
12     6       3              3     0       fsroot/aab/bad/cab/
12     6       3              3     0       fsroot/aab/bad/cad/
12     6       3              3     0       fsroot/aab/bad/cae/
12     6       3              3     0       fsroot/aab/bad/caf/
12     6       3              3     0       fsroot/aab/bad/cag/
12     6       3              3     0       fsroot/aab/bae/caa/
12     6       3              3     0       fsroot/aab/bae/cab/
12     6       3              3     0       fsroot/aab/bae/cad/
12     6       3              3     0       fsroot/aab/bae/cae/
12     6       3              3     0       fsroot/aab/bae/caf/
12     6       3              3     0       fsroot/aab/bae/cag/
12     6       3              3     0       fsroot/aab/baf/cab/
12     6       3              3     0       fsroot/aab/baf/cae/
12     6       3              3     0       fsroot/aab/baf/caa/
12     6       3              3     0       fsroot/aab/baf/caf/
12     6       3              3     0       fsroot/aab/baf/cad/
12     6       3              3     0       fsroot/aab/baf/cac/
12     6       3              3     0       fsroot/aab/baf/cag/
12     6       3              3     0       fsroot/aab/bag/cac/
12     6       3              3     0       fsroot/aab/bag/cab/
12     6       3              3     0       fsroot/aab/bag/caa/
12     6       3              3     0       fsroot/aab/bag/caf/
12     6       3              3     0       fsroot/aab/bag/cag/
12     6       3              3     0       fsroot/aac/baa/caa/
12     6       3              3     0       fsroot/aac/baa/cab/
12     6       3              3     0       fsroot/aac/baa/cac/
12     6       3              3     0       fsroot/aac/baa/cad/
12     6       3              3     0       fsroot/aac/baa/caf/
12     6       3              3     0       fsroot/aac/baa/cag/
12     6       3              3     0       fsroot/aac/bab/caa/
12     6       3              3     0       fsroot/aac/bab/cab/
12     6       3              3     0       fsroot/aac/bab/cac/
12     6       3              3     0       fsroot/aac/bab/cad/
12     6       3              3     0       fsroot/aac/bab/caf/
12     6       3              3     0       fsroot/aac/bab/cag/
12     6       3              3     0       fsroot/aac/bac/caa/
12     6       3              3     0       fsroot/aac/bac/cab/
12     6       3              3     0       fsroot/aac/bac/cac/
12     6       3              3     0       fsroot/aac/bac/cae/
12     6       3              3     0       fsroot/aac/bac/caf/
12     6       3              3     0       fsroot/aac/bac/cag/
12     6       3              3     0       fsroot/aac/bad/caa/
12     6       3              3     0       fsroot/aac/bad/cab/
12     6       3              3     0       fsroot/aac/bad/cac/
12     6       3              3     0       fsroot/aac/bad/cad/
12     6       3              3     0       fsroot/aac/bad/caf/
12     6       3              3     0       fsroot/aac/bad/cag/
12     6       3              3     0       fsroot/aac/bae/caa/
12     6       3              3     0       fsroot/aac/bae/cab/
12     6       3              3     0       fsroot/aac/bae/cac/
12     6       3              3     0       fsroot/aac/bae/cad/
12     6       3              3     0       fsroot/aac/bae/caf/
12     6       3              3     0       fsroot/aac/bae/cag/
12     6       3              3     0       fsroot/aad/baa/caa/
12     6       3              3     0       fsroot/aad/baa/cac/
12     6       3              3     0       fsroot/aad/baa/cad/
12     6       3              3     0       fsroot/aad/baa/cae/
12     6       3              3     0       fsroot/aad/baa/caf/
12     6       3              3     0       fsroot/aad/baa/cag/
12     6       3              3     0       fsroot/aad/bab/caa/
12     6       3              3     0       fsroot/aad/bab/cab/
12     6       3              3     0       fsroot/aad/bab/cad/
12     6       3              3     0       fsroot/aad/bab/cac/
12     6       3              3     0       fsroot/aad/bab/caf/
12     6       3              3     0       fsroot/aad/bab/cag/
12     6       3              3     0       fsroot/aad/bac/caa/
12     6       3              3     0       fsroot/aad/bac/cab/
12     6       3              3     0       fsroot/aad/bac/cad/
12     6       3              3     0       fsroot/aad/bac/cae/
12     6       3              3     0       fsroot/aad/bac/caf/
12     6       3              3     0       fsroot/aad/bac/cag/
12     6       3              3     0       fsroot/aad/bad/caa/
12     6       3              3     0       fsroot/aad/bad/cab/
12     6       3              3     0       fsroot/aad/bad/cac/
12     6       3              3     0       fsroot/aad/bad/cad/
12     6       3              3     0       fsroot/aad/bae/caa/
12     6       3              3     0       fsroot/aad/bae/cab/
12     6       3              3     0       fsroot/aad/bae/cac/
12     6       3              3     0       fsroot/aad/bae/cad/
12     6       3              3     0       fsroot/aad/bae/caf/
12     6       3              3     0       fsroot/aad/bae/cag/
12     6       3              3     0       fsroot/aad/baf/caa/
12     6       3              3     0       fsroot/aad/baf/cac/
12     6       3              3     0       fsroot/aad/baf/cad/
12     6       3              3     0       fsroot/aad/baf/cae/
12     6       3              3     0       fsroot/aad/baf/caf/
12     6       3              3     0       fsroot/aad/baf/cag/
12     6       3              3     0       fsroot/aad/bag/caa/
12     6       3              3     0       fsroot/aad/bag/cab/
12     6       3              3     0       fsroot/aad/bag/cad/
12     6       3              3     0       fsroot/aad/bag/cae/
12     6       3              3     0       fsroot/aad/bag/caf/
12     6       3              3     0       fsroot/aad/bag/cag/
12     6       3              3     0       fsroot/aae/baa/caa/
12     6       3              3     0       fsroot/aae/baa/cac/
12     6       3              3     0       fsroot/aae/baa/cad/
12     6       3              3     0       fsroot/aae/baa/cae/
12     6       3              3     0       fsroot/aae/baa/caf/
12     6       3              3     0       fsroot/aae/baa/cag/
12     6       3              3     0       fsroot/aae/bab/cag/
12     6       3              3     0       fsroot/aae/bab/cad/
12     6       3              3     0       fsroot/aae/bab/cac/
12     6       3              3     0       fsroot/aae/bab/caa/
12     6       3              3     0       fsroot/aae/bab/caf/
12     6       3              3     0       fsroot/aae/bab/cab/
12     6       3              3     0       fsroot/aae/bab/cae/
12     6       3              3     0       fsroot/aae/bac/caa/
12     6       3              3     0       fsroot/aae/bac/cab/
12     6       3              3     0       fsroot/aae/bac/cad/
12     6       3              3     0       fsroot/aae/bac/cae/
12     6       3              3     0       fsroot/aae/bac/caf/
12     6       3              3     0       fsroot/aae/bac/cag/
12     6       3              3     0       fsroot/aae/bad/caa/
12     6       3              3     0       fsroot/aae/bad/cab/
12     6       3              3     0       fsroot/aae/bad/cad/
12     6       3              3     0       fsroot/aae/bad/cae/
12     6       3              3     0       fsroot/aae/bad/caf/
12     6       3              3     0       fsroot/aae/bad/cag/
12     6       3              3     0       fsroot/aae/bae/caa/
12     6       3              3     0       fsroot/aae/bae/cab/
12     6       3              3     0       fsroot/aae/bae/cac/
12     6       3              3     0       fsroot/aae/bae/cae/
12     6       3              3     0       fsroot/aae/bae/caf/
12     6       3              3     0       fsroot/aae/bae/cag/
12     6       3              3     0       fsroot/aae/baf/caa/
12     6       3              3     0       fsroot/aae/baf/cac/
12     6       3              3     0       fsroot/aae/baf/cad/
12     6       3              3     0       fsroot/aae/baf/cae/
12     6       3              3     0       fsroot/aae/baf/caf/
12     6       3              3     0       fsroot/aae/baf/cag/
12     6       3              3     0       fsroot/aae/bag/caa/
12     6       3              3     0       fsroot/aae/bag/cac/
12     6       3              3     0       fsroot/aae/bag/cad/
12     6       3              3     0       fsroot/aae/bag/cae/
12     6       3              3     0       fsroot/aae/bag/caf/
12     6       3              3     0       fsroot/aae/bag/cag/
12     6       3              3     0       fsroot/aaf/baa/caa/
12     6       3              3     0       fsroot/aaf/baa/cab/
12     6       3              3     0       fsroot/aaf/baa/cad/
12     6       3              3     0       fsroot/aaf/baa/cae/
12     6       3              3     0       fsroot/aaf/baa/caf/
12     6       3              3     0       fsroot/aaf/baa/cag/
12     6       3              3     0       fsroot/aaf/bab/caa/
12     6       3              3     0       fsroot/aaf/bab/cab/
12     6       3              3     0       fsroot/aaf/bab/cac/
12     6       3              3     0       fsroot/aaf/bab/cae/
12     6       3              3     0       fsroot/aaf/bab/caf/
12     6       3              3     0       fsroot/aaf/bab/cag/
12     6       3              3     0       fsroot/aaf/bac/caa/
12     6       3              3     0       fsroot/aaf/bac/cab/
12     6       3              3     0       fsroot/aaf/bac/cad/
12     6       3              3     0       fsroot/aaf/bac/cae/
12     6       3              3     0       fsroot/aaf/bac/caf/
12     6       3              3     0       fsroot/aaf/bac/cag/
12     6       3              3     0       fsroot/aaf/bad/caa/
12     6       3              3     0       fsroot/aaf/bad/cac/
12     6       3              3     0       fsroot/aaf/bad/cad/
12     6       3              3     0       fsroot/aaf/bad/cae/
12     6       3              3     0       fsroot/aaf/bad/caf/
12     6       3              3     0       fsroot/aaf/bad/cag/
12     6       3              3     0       fsroot/aaf/bae/cab/
12     6       3              3     0       fsroot/aaf/bae/caa/
12     6       3              3     0       fsroot/aaf/bae/cae/
12     6       3              3     0       fsroot/aaf/bae/caf/
12     6       3              3     0       fsroot/aaf/bae/cag/
12     6       3              3     0       fsroot/aaf/baf/caa/
12     6       3              3     0       fsroot/aaf/baf/cab/
12     6       3              3     0       fsroot/aaf/baf/caf/
12     6       3              3     0       fsroot/aaf/baf/cag/
12     6       3              3     0       fsroot/aaf/bag/cab/
12     6       3              3     0       fsroot/aaf/bag/caa/
12     6       3              3     0       fsroot/aaf/bag/cac/
12     6       3              3     0       fsroot/aaf/bag/cae/
12     6       3              3     0       fsroot/aaf/bag/caf/
12     6       3              3     0       fsroot/aaf/bag/cag/
12     6       3              3     0       fsroot/aag/baa/caa/
12     6       3              3     0       fsroot/aag/baa/cac/
12     6       3              3     0       fsroot/aag/baa/cad/
12     6       3              3     0       fsroot/aag/baa/cae/
12     6       3              3     0       fsroot/aag/baa/caf/
12     6       3              3     0       fsroot/aag/baa/cag/
12     6       3              3     0       fsroot/aag/bab/cab/
12     6       3              3     0       fsroot/aag/bab/caa/
12     6       3              3     0       fsroot/aag/bab/cac/
12     6       3              3     0       fsroot/aag/bab/cad/
12     6       3              3     0       fsroot/aag/bab/cag/
12     6       3              3     0       fsroot/aag/bac/caf/
12     6       3              3     0       fsroot/aag/bac/caa/
12     6       3              3     0       fsroot/aag/bac/cae/
12     6       3              3     0       fsroot/aag/bac/cab/
12     6       3              3     0       fsroot/aag/bac/cag/
12     6       3              3     0       fsroot/aag/bac/cac/
12     6       3              3     0       fsroot/aag/bac/cad/
12     6       3              3     0       fsroot/aag/bad/cad/
12     6       3              3     0       fsroot/aag/bad/cac/
12     6       3              3     0       fsroot/aag/bad/cag/
12     6       3              3     0       fsroot/aag/bad/cab/
12     6       3              3     0       fsroot/aag/bad/cae/
12     6       3              3     0       fsroot/aag/bad/caa/
12     6       3              3     0       fsroot/aag/bad/caf/
12     6       3              3     0       fsroot/aag/bae/caf/
12     6       3              3     0       fsroot/aag/bae/caa/
12     6       3              3     0       fsroot/aag/bae/cae/
12     6       3              3     0       fsroot/aag/bae/cab/
12     6       3              3     0       fsroot/aag/bae/cag/
12     6       3              3     0       fsroot/aag/bae/cac/
12     6       3              3     0       fsroot/aag/bae/cad/
12     6       3              3     0       fsroot/aag/baf/cac/
12     6       3              3     0       fsroot/aag/baf/cad/
12     6       3              3     0       fsroot/aag/baf/cag/
12     6       3              3     0       fsroot/aag/baf/cae/
12     6       3              3     0       fsroot/aag/baf/cab/
12     6       3              3     0       fsroot/aag/baf/caf/
12     6       3              3     0       fsroot/aag/baf/caa/
12     6       3              3     0       fsroot/aag/bag/cae/
12     6       3              3     0       fsroot/aag/bag/cab/
12     6       3              3     0       fsroot/aag/bag/caf/
12     6       3              3     0       fsroot/aag/bag/caa/
12     6       3              3     0       fsroot/aag/bag/cac/
12     6       3              3     0       fsroot/aag/bag/cad/
12     6       3              3     0       fsroot/aag/bag/cag/
